app/build/intermediates/manifest_merge_blame_file/debug/manifest-merger-blame-debug-report.txt
1<?xml version="1.0" encoding="utf-8"?>
2<manifest xmlns:android="http://schemas.android.com/apk/res/android"
3    package="com.player.SongsPod"
4    android:versionCode="2"
5    android:versionName="1.2" >
6
7    <uses-sdk
8        android:minSdkVersion="21"
8-->src/main/AndroidManifest.xml
9        android:targetSdkVersion="30" />
9-->src/main/AndroidManifest.xml
10
11    <uses-permission android:name="android.permission.READ_EXTERNAL_STORAGE" />
11-->src/main/AndroidManifest.xml:8:5-80
11-->src/main/AndroidManifest.xml:8:22-77
12    <uses-permission android:name="android.permission.READ_PHONE_STATE" />
12-->src/main/AndroidManifest.xml:9:2-71
12-->src/main/AndroidManifest.xml:9:19-69
13    <uses-permission android:name="android.permission.INTERNET" />
13-->src/main/AndroidManifest.xml:10:2-63
13-->src/main/AndroidManifest.xml:10:19-61
14    <uses-permission android:name="android.permission.ACCESS_NETWORK_STATE" />
14-->src/main/AndroidManifest.xml:11:2-76
14-->src/main/AndroidManifest.xml:11:19-73
15    <uses-permission android:name="android.permission.GET_ACCOUNTS" />
15-->src/main/AndroidManifest.xml:12:2-68
15-->src/main/AndroidManifest.xml:12:19-65
16    <uses-permission android:name="android.permission.ACCESS_WIFI_STATE" />
16-->src/main/AndroidManifest.xml:13:2-73
16-->src/main/AndroidManifest.xml:13:19-70
17    <uses-permission android:name="android.permission.WRITE_EXTERNAL_STORAGE" />
17-->src/main/AndroidManifest.xml:14:2-78
17-->src/main/AndroidManifest.xml:14:19-75
18
19    <application
19-->src/main/AndroidManifest.xml:17:5-126:19
20        android:allowBackup="true"
20-->src/main/AndroidManifest.xml:18:9-35
21        android:appComponentFactory="androidx.core.app.CoreComponentFactory"
21-->[androidx.core:core:1.1.0] AndroidManifest.xml:24:18-86
22        android:debuggable="true"
23        android:icon="@drawable/app_icon"
23-->src/main/AndroidManifest.xml:19:9-42
24        android:label="@string/app_name"
24-->src/main/AndroidManifest.xml:20:9-41
25        android:largeHeap="true"
25-->src/main/AndroidManifest.xml:22:9-33
26        android:theme="@android:style/Theme.NoTitleBar" >
26-->src/main/AndroidManifest.xml:21:9-56
27        <uses-library
27-->src/main/AndroidManifest.xml:24:9-89
28            android:name="org.apache.http.legacy"
28-->src/main/AndroidManifest.xml:24:23-61
29            android:required="false" />
29-->src/main/AndroidManifest.xml:24:62-87
30
31        <activity
31-->src/main/AndroidManifest.xml:25:9-35:20
32            android:name="com.player.mediaplayer.splash"
32-->src/main/AndroidManifest.xml:26:13-57
33            android:label="@string/app_name"
33-->src/main/AndroidManifest.xml:28:13-45
34            android:noHistory="true"
34-->src/main/AndroidManifest.xml:27:13-37
35            android:screenOrientation="unspecified" >
35-->src/main/AndroidManifest.xml:29:13-52
36            <intent-filter>
36-->src/main/AndroidManifest.xml:30:13-34:29
37                <action android:name="android.intent.action.MAIN" />
37-->src/main/AndroidManifest.xml:31:17-69
37-->src/main/AndroidManifest.xml:31:25-66
38
39                <category android:name="android.intent.category.LAUNCHER" />
39-->src/main/AndroidManifest.xml:33:17-77
39-->src/main/AndroidManifest.xml:33:27-74
40            </intent-filter>
41        </activity>
42        <activity
42-->src/main/AndroidManifest.xml:36:9-42:15
43            android:name="com.player.mediaplayer.homeActivity"
43-->src/main/AndroidManifest.xml:37:13-65
44            android:alwaysRetainTaskState="true"
44-->src/main/AndroidManifest.xml:41:13-49
45            android:launchMode="singleTask"
45-->src/main/AndroidManifest.xml:39:13-44
46            android:screenOrientation="unspecified"
46-->src/main/AndroidManifest.xml:38:13-52
47            android:theme="@android:style/Theme.Holo" />
47-->src/main/AndroidManifest.xml:40:13-54
48        <activity
48-->src/main/AndroidManifest.xml:44:9-49:15
49            android:name="com.player.mediaplayer.about_us_activity"
49-->src/main/AndroidManifest.xml:45:13-70
50            android:launchMode="singleTask"
50-->src/main/AndroidManifest.xml:47:13-44
51            android:screenOrientation="unspecified" />
51-->src/main/AndroidManifest.xml:46:13-52
52        <activity
52-->src/main/AndroidManifest.xml:51:9-56:15
53            android:name="com.player.mediaplayer.MediaPlayerActivity"
53-->src/main/AndroidManifest.xml:52:13-72
54            android:launchMode="singleTask"
54-->src/main/AndroidManifest.xml:54:13-44
55            android:screenOrientation="unspecified"
55-->src/main/AndroidManifest.xml:53:13-52
56            android:theme="@style/AppTheme" />
56-->src/main/AndroidManifest.xml:55:13-44
57        <activity
57-->src/main/AndroidManifest.xml:59:10-64:15
58            android:name="com.player.mediaplayer.albumActivity"
58-->src/main/AndroidManifest.xml:60:13-66
59            android:noHistory="true"
59-->src/main/AndroidManifest.xml:62:13-37
60            android:screenOrientation="unspecified" />
60-->src/main/AndroidManifest.xml:61:13-52
61        <activity
61-->src/main/AndroidManifest.xml:65:9-70:15
62            android:name="com.player.mediaplayer.artistActivity"
62-->src/main/AndroidManifest.xml:66:13-67
63            android:noHistory="true"
63-->src/main/AndroidManifest.xml:68:13-37
64            android:screenOrientation="unspecified" />
64-->src/main/AndroidManifest.xml:67:13-52
65        <activity
65-->src/main/AndroidManifest.xml:72:9-78:15
66            android:name="com.player.mediaplayer.MyDialogFragment"
66-->src/main/AndroidManifest.xml:73:13-69
67            android:launchMode="singleTask"
67-->src/main/AndroidManifest.xml:75:13-44
68            android:screenOrientation="unspecified"
68-->src/main/AndroidManifest.xml:74:13-52
69            android:windowSoftInputMode="adjustPan" />
69-->src/main/AndroidManifest.xml:76:13-52
70        <activity
70-->src/main/AndroidManifest.xml:80:9-85:15
71            android:name="com.player.mediaplayer.folderActivity"
71-->src/main/AndroidManifest.xml:81:13-67
72            android:noHistory="true"
72-->src/main/AndroidManifest.xml:83:13-37
73            android:screenOrientation="unspecified" />
73-->src/main/AndroidManifest.xml:82:13-52
74        <activity
74-->src/main/AndroidManifest.xml:86:9-93:15
75            android:name="com.player.mediaplayer.PlalistActivity"
75-->src/main/AndroidManifest.xml:87:13-68
76            android:noHistory="true"
76-->src/main/AndroidManifest.xml:89:13-37
77            android:screenOrientation="unspecified"
77-->src/main/AndroidManifest.xml:88:13-52
78            android:theme="@style/AppTheme"
78-->src/main/AndroidManifest.xml:91:13-44
79            android:windowSoftInputMode="adjustPan" />
79-->src/main/AndroidManifest.xml:90:13-52
80        <activity
80-->src/main/AndroidManifest.xml:94:9-98:25
81            android:name="com.player.mediaplayer.topAlbum"
81-->src/main/AndroidManifest.xml:95:13-61
82            android:noHistory="true"
82-->src/main/AndroidManifest.xml:97:13-37
83            android:screenOrientation="unspecified" />
83-->src/main/AndroidManifest.xml:96:13-52
84        <activity
84-->src/main/AndroidManifest.xml:99:9-105:25
85            android:name="com.player.mediaplayer.searchActivity"
85-->src/main/AndroidManifest.xml:100:13-67
86            android:launchMode="singleTask"
86-->src/main/AndroidManifest.xml:102:13-44
87            android:screenOrientation="unspecified"
87-->src/main/AndroidManifest.xml:101:13-52
88            android:theme="@android:style/Theme.Holo"
88-->src/main/AndroidManifest.xml:103:14-55
89            android:windowSoftInputMode="adjustPan" />
89-->src/main/AndroidManifest.xml:104:14-53
90        <activity
90-->src/main/AndroidManifest.xml:106:9-110:25
91            android:name="com.player.mediaplayer.category_albumList_activity"
91-->src/main/AndroidManifest.xml:107:13-78
92            android:screenOrientation="unspecified"
92-->src/main/AndroidManifest.xml:108:13-52
93            android:theme="@android:style/Theme.Holo" />
93-->src/main/AndroidManifest.xml:109:13-54
94
95        <receiver android:name="com.player.mediaplayer.reciever.notification_broadcast" >
95-->src/main/AndroidManifest.xml:113:9-122:20
95-->src/main/AndroidManifest.xml:113:19-88
96            <intent-filter>
96-->src/main/AndroidManifest.xml:114:13-121:29
97                <action android:name="com.player.MediaPlayer.next" />
97-->src/main/AndroidManifest.xml:115:17-78
97-->src/main/AndroidManifest.xml:115:25-67
98                <action android:name="com.player.MediaPlayer.cross" />
98-->src/main/AndroidManifest.xml:116:21-83
98-->src/main/AndroidManifest.xml:116:29-72
99                <action android:name="com.player.MediaPlayer.play" />
99-->src/main/AndroidManifest.xml:117:21-82
99-->src/main/AndroidManifest.xml:117:29-71
100                <action android:name="com.player.MediaPlayer.prev" >
100-->src/main/AndroidManifest.xml:118:21-83
100-->src/main/AndroidManifest.xml:118:29-71
101                </action>
102            </intent-filter>
103        </receiver>
104
105        <service android:name="com.player.mediaplayer.service.notificationService" />
105-->src/main/AndroidManifest.xml:124:9-87
105-->src/main/AndroidManifest.xml:124:18-83
106        <service android:name="com.player.mediaplayer.service.BackService" />
106-->src/main/AndroidManifest.xml:125:9-79
106-->src/main/AndroidManifest.xml:125:18-75
107    </application>
108
109</manifest> <!-- <action android:name="android.intent.action.PHONE_STATE" /> -->